<?xml version="1.0" encoding="UTF-8"?>
<robot generator="Robot 5.0 (Python 3.9.7 on win32)" generated="20220327 17:34:43.609" rpa="false" schemaversion="3">
<suite id="s1" name="Variables" source="C:\Users\gamer\Desktop\QA-primeControl\variables">
<suite id="s1-s1" name="Teste Variaveis" source="C:\Users\gamer\Desktop\QA-primeControl\variables\teste_variaveis.robot">
<test id="s1-s1-t1" name="Meu teste de impressao de mensagem no terminal" line="14">
<kw name="Logar no terminal uma mensagem">
<kw name="Log To Console" library="BuiltIn">
<arg>${\n}</arg>
<doc>Logs the given message to the console.</doc>
<status status="PASS" starttime="20220327 17:34:43.651" endtime="20220327 17:34:43.652"/>
</kw>
<kw name="Log To Console" library="BuiltIn">
<arg>${MENSAGEM}</arg>
<doc>Logs the given message to the console.</doc>
<status status="PASS" starttime="20220327 17:34:43.652" endtime="20220327 17:34:43.652"/>
</kw>
<status status="PASS" starttime="20220327 17:34:43.651" endtime="20220327 17:34:43.653"/>
</kw>
<status status="PASS" starttime="20220327 17:34:43.650" endtime="20220327 17:34:43.653"/>
</test>
<test id="s1-s1-t2" name="Meu teste imprimindo um dicionario de PESSOA" line="16">
<kw name="Logar no meu terminal uma PESSOA">
<kw name="Log To Console" library="BuiltIn">
<arg>${\n}</arg>
<doc>Logs the given message to the console.</doc>
<status status="PASS" starttime="20220327 17:34:43.654" endtime="20220327 17:34:43.655"/>
</kw>
<kw name="Log To Console" library="BuiltIn">
<arg>${PESSOA}</arg>
<doc>Logs the given message to the console.</doc>
<status status="PASS" starttime="20220327 17:34:43.655" endtime="20220327 17:34:43.655"/>
</kw>
<kw name="Log To Console" library="BuiltIn">
<arg>${\n}</arg>
<doc>Logs the given message to the console.</doc>
<status status="PASS" starttime="20220327 17:34:43.655" endtime="20220327 17:34:43.656"/>
</kw>
<kw name="Log" library="BuiltIn">
<arg>${PESSOA.nome} ${PESSOA.sobrenome} ${PESSOA.idade} anos!</arg>
<doc>Logs the given message with the given level.</doc>
<msg timestamp="20220327 17:34:43.658" level="INFO">marcos aurelio 30 anos!</msg>
<status status="PASS" starttime="20220327 17:34:43.657" endtime="20220327 17:34:43.658"/>
</kw>
<status status="PASS" starttime="20220327 17:34:43.654" endtime="20220327 17:34:43.658"/>
</kw>
<status status="PASS" starttime="20220327 17:34:43.653" endtime="20220327 17:34:43.659"/>
</test>
<test id="s1-s1-t3" name="Meu teste imprimindo uma lista de FRUTAS" line="19">
<kw name="Logar no meu terminal uma lista de FRUTAS">
<kw name="Set Variable" library="BuiltIn">
<var>${nova_fruta}</var>
<arg>morango</arg>
<doc>Returns the given values which can then be assigned to a variables.</doc>
<msg timestamp="20220327 17:34:43.662" level="INFO">${nova_fruta} = morango</msg>
<status status="PASS" starttime="20220327 17:34:43.661" endtime="20220327 17:34:43.662"/>
</kw>
<kw name="Log To Console" library="BuiltIn">
<arg>${\n}</arg>
<doc>Logs the given message to the console.</doc>
<status status="PASS" starttime="20220327 17:34:43.662" endtime="20220327 17:34:43.662"/>
</kw>
<kw name="Log To Console" library="BuiltIn">
<arg>${FRUTAS} ${nova_fruta}</arg>
<doc>Logs the given message to the console.</doc>
<status status="PASS" starttime="20220327 17:34:43.663" endtime="20220327 17:34:43.663"/>
</kw>
<kw name="Log Many" library="BuiltIn">
<arg>@{FRUTAS} ${nova_fruta}</arg>
<doc>Logs the given messages as separate entries using the INFO level.</doc>
<msg timestamp="20220327 17:34:43.664" level="INFO">['banana', 'maca', 'laranja'] morango</msg>
<status status="PASS" starttime="20220327 17:34:43.664" endtime="20220327 17:34:43.664"/>
</kw>
<kw name="Log To Console" library="BuiltIn">
<arg>${nova_fruta}</arg>
<doc>Logs the given message to the console.</doc>
<status status="PASS" starttime="20220327 17:34:43.664" endtime="20220327 17:34:43.665"/>
</kw>
<status status="PASS" starttime="20220327 17:34:43.661" endtime="20220327 17:34:43.665"/>
</kw>
<status status="PASS" starttime="20220327 17:34:43.660" endtime="20220327 17:34:43.665"/>
</test>
<doc>Meu teste de variaveis</doc>
<status status="PASS" starttime="20220327 17:34:43.639" endtime="20220327 17:34:43.667"/>
</suite>
<status status="PASS" starttime="20220327 17:34:43.612" endtime="20220327 17:34:43.669"/>
</suite>
<statistics>
<total>
<stat pass="3" fail="0" skip="0">All Tests</stat>
</total>
<tag>
</tag>
<suite>
<stat pass="3" fail="0" skip="0" id="s1" name="Variables">Variables</stat>
<stat pass="3" fail="0" skip="0" id="s1-s1" name="Teste Variaveis">Variables.Teste Variaveis</stat>
</suite>
</statistics>
<errors>
</errors>
</robot>
