<?xml version="1.0" encoding="UTF-8"?>
<robot generator="Robot 5.0 (Python 3.9.7 on win32)" generated="20220327 16:38:22.310" rpa="false" schemaversion="3">
<suite id="s1" name="Variables" source="C:\Users\gamer\Desktop\QA-primeControl\variables">
<suite id="s1-s1" name="Teste Variaveis" source="C:\Users\gamer\Desktop\QA-primeControl\variables\teste_variaveis.robot">
<test id="s1-s1-t1" name="Meu teste de impressao de mensagem no terminal" line="14">
<kw name="Logar no terminal uma mensagem">
<kw name="Log To Console" library="BuiltIn">
<arg>${\n}</arg>
<doc>Logs the given message to the console.</doc>
<status status="PASS" starttime="20220327 16:38:22.351" endtime="20220327 16:38:22.352"/>
</kw>
<kw name="Log To Console" library="BuiltIn">
<arg>${MENSAGEM}</arg>
<doc>Logs the given message to the console.</doc>
<status status="PASS" starttime="20220327 16:38:22.352" endtime="20220327 16:38:22.352"/>
</kw>
<status status="PASS" starttime="20220327 16:38:22.351" endtime="20220327 16:38:22.352"/>
</kw>
<status status="PASS" starttime="20220327 16:38:22.350" endtime="20220327 16:38:22.353"/>
</test>
<test id="s1-s1-t2" name="Meu teste imprimindo um dicionario de PESSOA" line="16">
<kw name="Logar no meu terminal uma PESSOA">
<kw name="Log To Console" library="BuiltIn">
<arg>${\n}</arg>
<doc>Logs the given message to the console.</doc>
<status status="PASS" starttime="20220327 16:38:22.354" endtime="20220327 16:38:22.355"/>
</kw>
<kw name="Log To Console" library="BuiltIn">
<arg>${PESSOA}</arg>
<doc>Logs the given message to the console.</doc>
<status status="PASS" starttime="20220327 16:38:22.355" endtime="20220327 16:38:22.355"/>
</kw>
<kw name="Log To Console" library="BuiltIn">
<arg>${\n}</arg>
<doc>Logs the given message to the console.</doc>
<status status="PASS" starttime="20220327 16:38:22.355" endtime="20220327 16:38:22.355"/>
</kw>
<kw name="Log" library="BuiltIn">
<arg>${PESSOA.nome} ${PESSOA.sobrenome} ${PESSOA.idade} anos!</arg>
<doc>Logs the given message with the given level.</doc>
<msg timestamp="20220327 16:38:22.357" level="INFO">marcos aurelio 30 anos!</msg>
<status status="PASS" starttime="20220327 16:38:22.355" endtime="20220327 16:38:22.357"/>
</kw>
<status status="PASS" starttime="20220327 16:38:22.354" endtime="20220327 16:38:22.357"/>
</kw>
<status status="PASS" starttime="20220327 16:38:22.353" endtime="20220327 16:38:22.358"/>
</test>
<test id="s1-s1-t3" name="Meu teste imprimindo uma lista de FRUTAS" line="19">
<kw name="Logar no meu terminal uma lista de FRUTAS">
<kw name="Log To Console" library="BuiltIn">
<arg>${\n}</arg>
<doc>Logs the given message to the console.</doc>
<status status="PASS" starttime="20220327 16:38:22.359" endtime="20220327 16:38:22.359"/>
</kw>
<kw name="Log To Console" library="BuiltIn">
<arg>${FRUTAS}</arg>
<doc>Logs the given message to the console.</doc>
<status status="PASS" starttime="20220327 16:38:22.360" endtime="20220327 16:38:22.360"/>
</kw>
<kw name="Log Many" library="BuiltIn">
<arg>@{FRUTAS}</arg>
<doc>Logs the given messages as separate entries using the INFO level.</doc>
<msg timestamp="20220327 16:38:22.360" level="INFO">banana</msg>
<msg timestamp="20220327 16:38:22.360" level="INFO">maca</msg>
<msg timestamp="20220327 16:38:22.360" level="INFO">laranja</msg>
<status status="PASS" starttime="20220327 16:38:22.360" endtime="20220327 16:38:22.360"/>
</kw>
<status status="PASS" starttime="20220327 16:38:22.359" endtime="20220327 16:38:22.360"/>
</kw>
<status status="PASS" starttime="20220327 16:38:22.358" endtime="20220327 16:38:22.361"/>
</test>
<doc>Meu teste de variaveis</doc>
<status status="PASS" starttime="20220327 16:38:22.325" endtime="20220327 16:38:22.361"/>
</suite>
<status status="PASS" starttime="20220327 16:38:22.310" endtime="20220327 16:38:22.362"/>
</suite>
<statistics>
<total>
<stat pass="3" fail="0" skip="0">All Tests</stat>
</total>
<tag>
</tag>
<suite>
<stat pass="3" fail="0" skip="0" id="s1" name="Variables">Variables</stat>
<stat pass="3" fail="0" skip="0" id="s1-s1" name="Teste Variaveis">Variables.Teste Variaveis</stat>
</suite>
</statistics>
<errors>
</errors>
</robot>
