<?xml version="1.0" encoding="UTF-8"?>
<robot generator="Robot 5.0 (Python 3.9.7 on win32)" generated="20220327 17:15:30.046" rpa="false" schemaversion="3">
<suite id="s1" name="Variables" source="C:\Users\gamer\Desktop\QA-primeControl\variables">
<suite id="s1-s1" name="Teste Variaveis" source="C:\Users\gamer\Desktop\QA-primeControl\variables\teste_variaveis.robot">
<test id="s1-s1-t1" name="Meu teste imprimindo uma lista de FRUTAS" line="19">
<kw name="Logar no meu terminal uma lista de FRUTAS">
<kw name="Set Variable" library="BuiltIn">
<var>${nova_fruta}</var>
<arg>morango</arg>
<doc>Returns the given values which can then be assigned to a variables.</doc>
<msg timestamp="20220327 17:15:30.082" level="INFO">${nova_fruta} = morango</msg>
<status status="PASS" starttime="20220327 17:15:30.082" endtime="20220327 17:15:30.082"/>
</kw>
<kw name="Log To Console" library="BuiltIn">
<arg>${\n}</arg>
<doc>Logs the given message to the console.</doc>
<status status="PASS" starttime="20220327 17:15:30.082" endtime="20220327 17:15:30.082"/>
</kw>
<kw name="Log To Console" library="BuiltIn">
<arg>${FRUTAS} ${nova_fruta}</arg>
<doc>Logs the given message to the console.</doc>
<status status="PASS" starttime="20220327 17:15:30.082" endtime="20220327 17:15:30.082"/>
</kw>
<kw name="Log Many" library="BuiltIn">
<arg>@{FRUTAS} ${nova_fruta}</arg>
<doc>Logs the given messages as separate entries using the INFO level.</doc>
<msg timestamp="20220327 17:15:30.082" level="INFO">['banana', 'maca', 'laranja'] morango</msg>
<status status="PASS" starttime="20220327 17:15:30.082" endtime="20220327 17:15:30.082"/>
</kw>
<kw name="Log To Console" library="BuiltIn">
<arg>${nova_fruta}</arg>
<doc>Logs the given message to the console.</doc>
<status status="PASS" starttime="20220327 17:15:30.082" endtime="20220327 17:15:30.082"/>
</kw>
<status status="PASS" starttime="20220327 17:15:30.082" endtime="20220327 17:15:30.082"/>
</kw>
<status status="PASS" starttime="20220327 17:15:30.082" endtime="20220327 17:15:30.082"/>
</test>
<doc>Meu teste de variaveis</doc>
<status status="PASS" starttime="20220327 17:15:30.078" endtime="20220327 17:15:30.082"/>
</suite>
<status status="PASS" starttime="20220327 17:15:30.046" endtime="20220327 17:15:30.082"/>
</suite>
<statistics>
<total>
<stat pass="1" fail="0" skip="0">All Tests</stat>
</total>
<tag>
</tag>
<suite>
<stat pass="1" fail="0" skip="0" id="s1" name="Variables">Variables</stat>
<stat pass="1" fail="0" skip="0" id="s1-s1" name="Teste Variaveis">Variables.Teste Variaveis</stat>
</suite>
</statistics>
<errors>
</errors>
</robot>
